#
# There is insufficient memory for the Java Runtime Environment to continue.
# Native memory allocation (malloc) failed to allocate 32744 bytes for ChunkPool::allocate
# Possible reasons:
#   The system is out of physical RAM or swap space
#   The process is running with CompressedOops enabled, and the Java Heap may be blocking the growth of the native heap
# Possible solutions:
#   Reduce memory load on the system
#   Increase physical memory or swap space
#   Check if swap backing store is full
#   Decrease Java heap size (-Xmx/-Xms)
#   Decrease number of Java threads
#   Decrease Java thread stack sizes (-Xss)
#   Set larger code cache with -XX:ReservedCodeCacheSize=
#   JVM is running with Unscaled Compressed Oops mode in which the Java heap is
#     placed in the first 4GB address space. The Java Heap base address is the
#     maximum limit for the native heap growth. Please use -XX:HeapBaseMinAddress
#     to set the Java Heap base and to place the Java Heap above 4GB virtual address.
# This output file may be truncated or incomplete.
#
#  Out of Memory Error (allocation.cpp:272), pid=7860, tid=0x000000000000098c
#
# JRE version: OpenJDK Runtime Environment (8.0_242-b01) (build 1.8.0_242-release-1644-b01)
# Java VM: OpenJDK 64-Bit Server VM (25.242-b01 mixed mode windows-amd64 compressed oops)
# Failed to write core dump. Minidumps are not enabled by default on client versions of Windows
#

---------------  T H R E A D  ---------------

Current thread (0x00000000173fa800):  JavaThread "C2 CompilerThread1" daemon [_thread_in_native, id=2444, stack(0x0000000018b40000,0x0000000018c40000)]

Stack: [0x0000000018b40000,0x0000000018c40000]
[error occurred during error reporting (printing stack bounds), id 0xc0000005]

Native frames: (J=compiled Java code, j=interpreted, Vv=VM code, C=native code)


Current CompileTask:
C2:   4676 1688       4       java.net.URLClassLoader$1::run (5 bytes)


---------------  P R O C E S S  ---------------

Java Threads: ( => current thread )
  0x0000000018d80000 JavaThread "Service Thread" daemon [_thread_blocked, id=8876, stack(0x0000000019140000,0x0000000019240000)]
  0x0000000017407000 JavaThread "C1 CompilerThread2" daemon [_thread_blocked, id=4088, stack(0x0000000018c40000,0x0000000018d40000)]
=>0x00000000173fa800 JavaThread "C2 CompilerThread1" daemon [_thread_in_native, id=2444, stack(0x0000000018b40000,0x0000000018c40000)]
  0x00000000173f1000 JavaThread "C2 CompilerThread0" daemon [_thread_in_native, id=10592, stack(0x0000000018a40000,0x0000000018b40000)]
  0x00000000173f7000 JavaThread "Attach Listener" daemon [_thread_blocked, id=828, stack(0x0000000018940000,0x0000000018a40000)]
  0x00000000173f5800 JavaThread "Signal Dispatcher" daemon [_thread_blocked, id=9064, stack(0x0000000018840000,0x0000000018940000)]
  0x000000000287c000 JavaThread "Finalizer" daemon [_thread_blocked, id=11564, stack(0x0000000018640000,0x0000000018740000)]
  0x0000000002871000 JavaThread "Reference Handler" daemon [_thread_blocked, id=11844, stack(0x0000000018540000,0x0000000018640000)]
  0x000000000267e800 JavaThread "main" [_thread_in_Java, id=11444, stack(0x0000000002680000,0x0000000002780000)]

Other Threads:
  0x00000000173b6000 VMThread [stack: 0x0000000018440000,0x0000000018540000] [id=7772]
  0x0000000018d82000 WatcherThread [stack: 0x0000000019240000,0x0000000019340000] [id=9500]

VM state:not at safepoint (normal execution)

VM Mutex/Monitor currently owned by a thread: None

heap address: 0x0000000081400000, size: 2028 MB, Compressed Oops mode: 32-bit
Narrow klass base: 0x0000000000000000, Narrow klass shift: 3
Compressed class space size: 1073741824 Address: 0x0000000100000000

Heap:
 PSYoungGen      total 71680K, used 27112K [0x00000000d5c00000, 0x00000000da700000, 0x0000000100000000)
  eden space 66560K, 40% used [0x00000000d5c00000,0x00000000d767a2f8,0x00000000d9d00000)
  from space 5120K, 0% used [0x00000000d9d00000,0x00000000d9d00000,0x00000000da200000)
  to   space 5120K, 0% used [0x00000000da200000,0x00000000da200000,0x00000000da700000)
 ParOldGen       total 60928K, used 9135K [0x0000000081400000, 0x0000000084f80000, 0x00000000d5c00000)
  object space 60928K, 14% used [0x0000000081400000,0x0000000081cebf50,0x0000000084f80000)
 Metaspace       used 22750K, capacity 23252K, committed 23296K, reserved 1069056K
  class space    used 2671K, capacity 2804K, committed 2816K, reserved 1048576K

Card table byte_map: [0x0000000011c40000,0x0000000012040000] byte_map_base: 0x0000000011836000

Marking Bits: (ParMarkBitMap*) 0x0000000056a6f030
 Begin Bits: [0x00000000126f0000, 0x00000000146a0000)
 End Bits:   [0x00000000146a0000, 0x0000000016650000)

Polling page: 0x0000000000d10000

CodeCache: size=245760Kb used=5737Kb max_used=5737Kb free=240022Kb
 bounds [0x0000000002880000, 0x0000000002e20000, 0x0000000011880000]
 total_blobs=2277 nmethods=1852 adapters=338
 compilation: enabled

Compilation events (10 events):
Event: 4.666 Thread 0x0000000017407000 1873       2       sun.misc.PerfCounter::addElapsedTimeFrom (10 bytes)
Event: 4.666 Thread 0x0000000017407000 nmethod 1873 0x0000000002e19d50 code [0x0000000002e19ee0, 0x0000000002e1a418]
Event: 4.666 Thread 0x0000000017407000 1875       2       org.jetbrains.kotlin.com.intellij.util.text.CharArrayUtil::shiftForward (102 bytes)
Event: 4.667 Thread 0x0000000017407000 nmethod 1875 0x0000000002e1a610 code [0x0000000002e1a7c0, 0x0000000002e1ab88]
Event: 4.667 Thread 0x0000000017407000 1876       2       org.jetbrains.kotlin.com.intellij.openapi.vfs.VirtualFile::findFileByRelativePath (143 bytes)
Event: 4.668 Thread 0x0000000017407000 nmethod 1876 0x0000000002e1aed0 code [0x0000000002e1b0c0, 0x0000000002e1b508]
Event: 4.668 Thread 0x0000000017407000 1877       2       sun.nio.fs.NativeBuffers::releaseNativeBuffer (103 bytes)
Event: 4.669 Thread 0x0000000017407000 nmethod 1877 0x0000000002e1b9d0 code [0x0000000002e1bc20, 0x0000000002e1c4e8]
Event: 4.669 Thread 0x0000000017407000 1874       1       org.jetbrains.kotlin.com.intellij.openapi.vfs.impl.jar.CoreJarVirtualFile::getChildren (5 bytes)
Event: 4.669 Thread 0x0000000017407000 nmethod 1874 0x0000000002e1cd90 code [0x0000000002e1cee0, 0x0000000002e1cff0]

GC Heap History (8 events):
Event: 1.628 GC heap before
{Heap before GC invocations=1 (full 0):
 PSYoungGen      total 38400K, used 33280K [0x00000000d5c00000, 0x00000000d8680000, 0x0000000100000000)
  eden space 33280K, 100% used [0x00000000d5c00000,0x00000000d7c80000,0x00000000d7c80000)
  from space 5120K, 0% used [0x00000000d8180000,0x00000000d8180000,0x00000000d8680000)
  to   space 5120K, 0% used [0x00000000d7c80000,0x00000000d7c80000,0x00000000d8180000)
 ParOldGen       total 87552K, used 0K [0x0000000081400000, 0x0000000086980000, 0x00000000d5c00000)
  object space 87552K, 0% used [0x0000000081400000,0x0000000081400000,0x0000000086980000)
 Metaspace       used 10318K, capacity 10460K, committed 10624K, reserved 1058816K
  class space    used 1092K, capacity 1148K, committed 1152K, reserved 1048576K
Event: 1.691 GC heap after
Heap after GC invocations=1 (full 0):
 PSYoungGen      total 38400K, used 5106K [0x00000000d5c00000, 0x00000000da700000, 0x0000000100000000)
  eden space 33280K, 0% used [0x00000000d5c00000,0x00000000d5c00000,0x00000000d7c80000)
  from space 5120K, 99% used [0x00000000d7c80000,0x00000000d817cb28,0x00000000d8180000)
  to   space 5120K, 0% used [0x00000000da200000,0x00000000da200000,0x00000000da700000)
 ParOldGen       total 87552K, used 2503K [0x0000000081400000, 0x0000000086980000, 0x00000000d5c00000)
  object space 87552K, 2% used [0x0000000081400000,0x0000000081671d78,0x0000000086980000)
 Metaspace       used 10318K, capacity 10460K, committed 10624K, reserved 1058816K
  class space    used 1092K, capacity 1148K, committed 1152K, reserved 1048576K
}
Event: 3.110 GC heap before
{Heap before GC invocations=2 (full 0):
 PSYoungGen      total 38400K, used 38386K [0x00000000d5c00000, 0x00000000da700000, 0x0000000100000000)
  eden space 33280K, 100% used [0x00000000d5c00000,0x00000000d7c80000,0x00000000d7c80000)
  from space 5120K, 99% used [0x00000000d7c80000,0x00000000d817cb28,0x00000000d8180000)
  to   space 5120K, 0% used [0x00000000da200000,0x00000000da200000,0x00000000da700000)
 ParOldGen       total 87552K, used 2503K [0x0000000081400000, 0x0000000086980000, 0x00000000d5c00000)
  object space 87552K, 2% used [0x0000000081400000,0x0000000081671d78,0x0000000086980000)
 Metaspace       used 16008K, capacity 16322K, committed 16512K, reserved 1064960K
  class space    used 1828K, capacity 1913K, committed 1920K, reserved 1048576K
Event: 3.123 GC heap after
Heap after GC invocations=2 (full 0):
 PSYoungGen      total 71680K, used 5109K [0x00000000d5c00000, 0x00000000da700000, 0x0000000100000000)
  eden space 66560K, 0% used [0x00000000d5c00000,0x00000000d5c00000,0x00000000d9d00000)
  from space 5120K, 99% used [0x00000000da200000,0x00000000da6fd650,0x00000000da700000)
  to   space 5120K, 0% used [0x00000000d9d00000,0x00000000d9d00000,0x00000000da200000)
 ParOldGen       total 87552K, used 7398K [0x0000000081400000, 0x0000000086980000, 0x00000000d5c00000)
  object space 87552K, 8% used [0x0000000081400000,0x0000000081b39bb0,0x0000000086980000)
 Metaspace       used 16008K, capacity 16322K, committed 16512K, reserved 1064960K
  class space    used 1828K, capacity 1913K, committed 1920K, reserved 1048576K
}
Event: 3.683 GC heap before
{Heap before GC invocations=3 (full 0):
 PSYoungGen      total 71680K, used 24130K [0x00000000d5c00000, 0x00000000da700000, 0x0000000100000000)
  eden space 66560K, 28% used [0x00000000d5c00000,0x00000000d6e93560,0x00000000d9d00000)
  from space 5120K, 99% used [0x00000000da200000,0x00000000da6fd650,0x00000000da700000)
  to   space 5120K, 0% used [0x00000000d9d00000,0x00000000d9d00000,0x00000000da200000)
 ParOldGen       total 87552K, used 7398K [0x0000000081400000, 0x0000000086980000, 0x00000000d5c00000)
  object space 87552K, 8% used [0x0000000081400000,0x0000000081b39bb0,0x0000000086980000)
 Metaspace       used 20776K, capacity 21212K, committed 21248K, reserved 1069056K
  class space    used 2409K, capacity 2558K, committed 2560K, reserved 1048576K
Event: 3.702 GC heap after
Heap after GC invocations=3 (full 0):
 PSYoungGen      total 71680K, used 5108K [0x00000000d5c00000, 0x00000000da700000, 0x0000000100000000)
  eden space 66560K, 0% used [0x00000000d5c00000,0x00000000d5c00000,0x00000000d9d00000)
  from space 5120K, 99% used [0x00000000d9d00000,0x00000000da1fd040,0x00000000da200000)
  to   space 5120K, 0% used [0x00000000da200000,0x00000000da200000,0x00000000da700000)
 ParOldGen       total 87552K, used 11573K [0x0000000081400000, 0x0000000086980000, 0x00000000d5c00000)
  object space 87552K, 13% used [0x0000000081400000,0x0000000081f4d4e0,0x0000000086980000)
 Metaspace       used 20776K, capacity 21212K, committed 21248K, reserved 1069056K
  class space    used 2409K, capacity 2558K, committed 2560K, reserved 1048576K
}
Event: 3.702 GC heap before
{Heap before GC invocations=4 (full 1):
 PSYoungGen      total 71680K, used 5108K [0x00000000d5c00000, 0x00000000da700000, 0x0000000100000000)
  eden space 66560K, 0% used [0x00000000d5c00000,0x00000000d5c00000,0x00000000d9d00000)
  from space 5120K, 99% used [0x00000000d9d00000,0x00000000da1fd040,0x00000000da200000)
  to   space 5120K, 0% used [0x00000000da200000,0x00000000da200000,0x00000000da700000)
 ParOldGen       total 87552K, used 11573K [0x0000000081400000, 0x0000000086980000, 0x00000000d5c00000)
  object space 87552K, 13% used [0x0000000081400000,0x0000000081f4d4e0,0x0000000086980000)
 Metaspace       used 20776K, capacity 21212K, committed 21248K, reserved 1069056K
  class space    used 2409K, capacity 2558K, committed 2560K, reserved 1048576K
Event: 3.761 GC heap after
Heap after GC invocations=4 (full 1):
 PSYoungGen      total 71680K, used 0K [0x00000000d5c00000, 0x00000000da700000, 0x0000000100000000)
  eden space 66560K, 0% used [0x00000000d5c00000,0x00000000d5c00000,0x00000000d9d00000)
  from space 5120K, 0% used [0x00000000d9d00000,0x00000000d9d00000,0x00000000da200000)
  to   space 5120K, 0% used [0x00000000da200000,0x00000000da200000,0x00000000da700000)
 ParOldGen       total 60928K, used 9135K [0x0000000081400000, 0x0000000084f80000, 0x00000000d5c00000)
  object space 60928K, 14% used [0x0000000081400000,0x0000000081cebf50,0x0000000084f80000)
 Metaspace       used 20776K, capacity 21212K, committed 21248K, reserved 1069056K
  class space    used 2409K, capacity 2558K, committed 2560K, reserved 1048576K
}

Deoptimization events (10 events):
Event: 3.410 Thread 0x000000000267e800 Uncommon trap: reason=unstable_if action=reinterpret pc=0x0000000002cf4994 method=sun.reflect.annotation.AnnotationInvocationHandler.invoke(Ljava/lang/Object;Ljava/lang/reflect/Method;[Ljava/lang/Object;)Ljava/lang/Object; @ 255
Event: 3.556 Thread 0x000000000267e800 Uncommon trap: reason=class_check action=maybe_recompile pc=0x0000000002c52c40 method=java.util.Collections$UnmodifiableCollection.size()I @ 4
Event: 3.556 Thread 0x000000000267e800 Uncommon trap: reason=class_check action=maybe_recompile pc=0x0000000002c63f6c method=java.util.Collections$UnmodifiableList.get(I)Ljava/lang/Object; @ 5
Event: 3.557 Thread 0x000000000267e800 Uncommon trap: reason=class_check action=maybe_recompile pc=0x0000000002c63f6c method=java.util.Collections$UnmodifiableList.get(I)Ljava/lang/Object; @ 5
Event: 3.559 Thread 0x000000000267e800 Uncommon trap: reason=class_check action=maybe_recompile pc=0x0000000002c52c40 method=java.util.Collections$UnmodifiableCollection.size()I @ 4
Event: 3.559 Thread 0x000000000267e800 Uncommon trap: reason=class_check action=maybe_recompile pc=0x0000000002c63f6c method=java.util.Collections$UnmodifiableList.get(I)Ljava/lang/Object; @ 5
Event: 3.559 Thread 0x000000000267e800 Uncommon trap: reason=class_check action=maybe_recompile pc=0x0000000002c63f6c method=java.util.Collections$UnmodifiableList.get(I)Ljava/lang/Object; @ 5
Event: 3.561 Thread 0x000000000267e800 Uncommon trap: reason=unstable_if action=reinterpret pc=0x0000000002a40508 method=java.lang.String.startsWith(Ljava/lang/String;I)Z @ 25
Event: 3.845 Thread 0x000000000267e800 Uncommon trap: reason=unstable_if action=reinterpret pc=0x0000000002d0ea34 method=sun.misc.MetaIndex.mayContain(Ljava/lang/String;)Z @ 38
Event: 3.846 Thread 0x000000000267e800 Uncommon trap: reason=unstable_if action=reinterpret pc=0x0000000002ab6ea0 method=sun.misc.MetaIndex.mayContain(Ljava/lang/String;)Z @ 38

Classes redefined (0 events):
No events

Internal exceptions (10 events):
Event: 0.994 Thread 0x000000000267e800 Exception <a 'java/security/PrivilegedActionException'> (0x00000000d6bf6368) thrown at [C:\src\AOSP-openjdk-git\hotspot\src\share\vm\prims\jvm.cpp, line 1502]
Event: 0.995 Thread 0x000000000267e800 Exception <a 'java/security/PrivilegedActionException'> (0x00000000d6bf7e58) thrown at [C:\src\AOSP-openjdk-git\hotspot\src\share\vm\prims\jvm.cpp, line 1502]
Event: 0.995 Thread 0x000000000267e800 Exception <a 'java/security/PrivilegedActionException'> (0x00000000d6bf8250) thrown at [C:\src\AOSP-openjdk-git\hotspot\src\share\vm\prims\jvm.cpp, line 1502]
Event: 1.439 Thread 0x000000000267e800 Exception <a 'java/lang/ArrayIndexOutOfBoundsException'> (0x00000000d7959068) thrown at [C:\src\AOSP-openjdk-git\hotspot\src\share\vm\runtime\sharedRuntime.cpp, line 605]
Event: 2.060 Thread 0x000000000267e800 Exception <a 'java/lang/ArrayIndexOutOfBoundsException'> (0x00000000d629b0f8) thrown at [C:\src\AOSP-openjdk-git\hotspot\src\share\vm\runtime\sharedRuntime.cpp, line 605]
Event: 3.196 Thread 0x000000000267e800 Exception <a 'java/lang/NoSuchMethodError': java.lang.Object.lambda$comparing$77a9974f$1(Ljava/util/function/Function;Ljava/lang/Object;Ljava/lang/Object;)I> (0x00000000d5f1ad20) thrown at [C:\src\AOSP-openjdk-git\hotspot\src\share\vm\interpreter\linkReso
Event: 3.226 Thread 0x000000000267e800 Exception <a 'java/lang/NoSuchMethodError': java.lang.Object.lambda$static$0()J> (0x00000000d608a218) thrown at [C:\src\AOSP-openjdk-git\hotspot\src\share\vm\interpreter\linkResolver.cpp, line 620]
Event: 3.483 Thread 0x000000000267e800 Exception <a 'java/lang/NoSuchMethodError': java.lang.Object.lambda$static$0(I)[Lorg/jetbrains/kotlin/com/intellij/openapi/editor/event/DocumentListener;> (0x00000000d67d7cb8) thrown at [C:\src\AOSP-openjdk-git\hotspot\src\share\vm\interpreter\linkResolve
Event: 3.533 Thread 0x000000000267e800 Exception <a 'java/lang/NoSuchMethodError': java.lang.Object.lambda$static$0(I)[Lorg/jetbrains/kotlin/com/intellij/psi/PsiAnnotation;> (0x00000000d69f3b60) thrown at [C:\src\AOSP-openjdk-git\hotspot\src\share\vm\interpreter\linkResolver.cpp, line 620]
Event: 3.810 Thread 0x000000000267e800 Exception <a 'java/lang/NoSuchMethodError': java.lang.Object.lambda$static$0(I)[Lorg/jetbrains/kotlin/com/intellij/psi/PsiElement;> (0x00000000d5ce4c28) thrown at [C:\src\AOSP-openjdk-git\hotspot\src\share\vm\interpreter\linkResolver.cpp, line 620]

Events (10 events):
Event: 4.668 loading class org/jetbrains/kotlin/cli/jvm/JvmRuntimeVersionsConsistencyChecker$FileKind$Runtime
Event: 4.668 loading class org/jetbrains/kotlin/cli/jvm/JvmRuntimeVersionsConsistencyChecker$FileKind$Runtime done
Event: 4.670 loading class org/jetbrains/kotlin/com/intellij/openapi/vfs/VfsUtilCore
Event: 4.670 loading class org/jetbrains/kotlin/com/intellij/openapi/vfs/VfsUtilCore done
Event: 4.671 loading class org/jetbrains/kotlin/com/intellij/openapi/vfs/VirtualFileVisitor
Event: 4.671 loading class org/jetbrains/kotlin/com/intellij/openapi/vfs/VirtualFileVisitor done
Event: 4.672 loading class org/jetbrains/kotlin/com/intellij/openapi/vfs/VfsUtilCore$2
Event: 4.672 loading class org/jetbrains/kotlin/com/intellij/openapi/vfs/VfsUtilCore$2 done
Event: 4.673 loading class org/jetbrains/kotlin/cli/jvm/JvmRuntimeVersionsConsistencyChecker$KotlinLibraryFile
Event: 4.673 loading class org/jetbrains/kotlin/cli/jvm/JvmRuntimeVersionsConsistencyChecker$KotlinLibraryFile done


Dynamic libraries:
0x00007ff6c60d0000 - 0x00007ff6c6101000 	C:\Program Files\Android\Android Studio\jre\jre\bin\java.exe
0x00007ffd73bd0000 - 0x00007ffd73d92000 	C:\Windows\SYSTEM32\ntdll.dll
0x00007ffd71600000 - 0x00007ffd716ad000 	C:\Windows\system32\KERNEL32.DLL
0x00007ffd710c0000 - 0x00007ffd7129d000 	C:\Windows\system32\KERNELBASE.dll
0x00007ffd71550000 - 0x00007ffd715f6000 	C:\Windows\system32\ADVAPI32.dll
0x00007ffd712a0000 - 0x00007ffd7133d000 	C:\Windows\system32\msvcrt.dll
0x00007ffd73220000 - 0x00007ffd7327b000 	C:\Windows\system32\sechost.dll
0x00007ffd71710000 - 0x00007ffd71836000 	C:\Windows\system32\RPCRT4.dll
0x00007ffd71340000 - 0x00007ffd7148e000 	C:\Windows\system32\USER32.dll
0x00007ffd73630000 - 0x00007ffd737b5000 	C:\Windows\system32\GDI32.dll
0x00007ffd633d0000 - 0x00007ffd63644000 	C:\Windows\WinSxS\amd64_microsoft.windows.common-controls_6595b64144ccf1df_6.0.10240.16384_none_f41f7b285750ef43\COMCTL32.dll
0x00007ffd73910000 - 0x00007ffd73946000 	C:\Windows\system32\IMM32.DLL
0x00007ffd72e20000 - 0x00007ffd72f7c000 	C:\Windows\system32\MSCTF.dll
0x00000000560e0000 - 0x00000000561b2000 	C:\Program Files\Android\Android Studio\jre\jre\bin\msvcr100.dll
0x00000000562a0000 - 0x0000000056aeb000 	C:\Program Files\Android\Android Studio\jre\jre\bin\server\jvm.dll
0x00007ffd73210000 - 0x00007ffd73218000 	C:\Windows\system32\PSAPI.DLL
0x00007ffd624c0000 - 0x00007ffd624c9000 	C:\Windows\SYSTEM32\WSOCK32.dll
0x00007ffd68f00000 - 0x00007ffd68f23000 	C:\Windows\SYSTEM32\WINMM.dll
0x00007ffd68670000 - 0x00007ffd6867a000 	C:\Windows\SYSTEM32\VERSION.dll
0x00007ffd68d20000 - 0x00007ffd68d4c000 	C:\Windows\SYSTEM32\WINMMBASE.dll
0x00007ffd70fb0000 - 0x00007ffd70ff4000 	C:\Windows\system32\cfgmgr32.dll
0x00007ffd6eed0000 - 0x00007ffd6eef7000 	C:\Windows\SYSTEM32\DEVOBJ.dll
0x00007ffd73130000 - 0x00007ffd73199000 	C:\Windows\system32\WS2_32.dll
0x00007ffd731a0000 - 0x00007ffd731a8000 	C:\Windows\system32\NSI.dll
0x00007ffd61ca0000 - 0x00007ffd61caf000 	C:\Program Files\Android\Android Studio\jre\jre\bin\verify.dll
0x00007ffd61c70000 - 0x00007ffd61c99000 	C:\Program Files\Android\Android Studio\jre\jre\bin\java.dll
0x00007ffd60540000 - 0x00007ffd60556000 	C:\Program Files\Android\Android Studio\jre\jre\bin\zip.dll
0x00007ffd718f0000 - 0x00007ffd72e15000 	C:\Windows\system32\SHELL32.dll
0x00007ffd706a0000 - 0x00007ffd70cc8000 	C:\Windows\system32\windows.storage.dll
0x00007ffd73950000 - 0x00007ffd73bcc000 	C:\Windows\system32\combase.dll
0x00007ffd735b0000 - 0x00007ffd73601000 	C:\Windows\system32\shlwapi.dll
0x00007ffd70690000 - 0x00007ffd7069f000 	C:\Windows\system32\kernel.appcore.dll
0x00007ffd71000000 - 0x00007ffd710b3000 	C:\Windows\system32\shcore.dll
0x00007ffd70600000 - 0x00007ffd7064a000 	C:\Windows\system32\powrprof.dll
0x00007ffd70670000 - 0x00007ffd70683000 	C:\Windows\system32\profapi.dll
0x00007ffd55b00000 - 0x00007ffd55b1a000 	C:\Program Files\Android\Android Studio\jre\jre\bin\net.dll
0x00007ffd6fd00000 - 0x00007ffd6fd5d000 	C:\Windows\system32\mswsock.dll
0x00007ffd55ae0000 - 0x00007ffd55af3000 	C:\Program Files\Android\Android Studio\jre\jre\bin\nio.dll

VM Arguments:
java_command: org.jetbrains.kotlin.cli.jvm.K2JVMCompiler @C:\Users\ACER\Desktop\Citas-20201203T201747Z-001\Citas\app\build\20201204_3827025231959776569.compiler.options
java_class_path (initial): C:\Users\ACER\.gradle\caches\modules-2\files-2.1\org.jetbrains.kotlin\kotlin-compiler-embeddable\1.4.10\38c4b99d5d5362debdd9302a866730379aa2328a\kotlin-compiler-embeddable-1.4.10.jar;C:\Users\ACER\.gradle\caches\modules-2\files-2.1\org.jetbrains.kotlin\kotlin-reflect\1.4.10\e2b3c6695eee6085e606d96d685396dce23a3a06\kotlin-reflect-1.4.10.jar;C:\Users\ACER\.gradle\caches\modules-2\files-2.1\org.jetbrains.kotlin\kotlin-stdlib\1.4.10\ea29e063d2bbe695be13e9d044dcfb0c7add398e\kotlin-stdlib-1.4.10.jar;C:\Users\ACER\.gradle\caches\modules-2\files-2.1\org.jetbrains.kotlin\kotlin-script-runtime\1.4.10\7c19d9c2001e016cd7664cebe9eea66fc04a7f4f\kotlin-script-runtime-1.4.10.jar;C:\Users\ACER\.gradle\caches\modules-2\files-2.1\org.jetbrains.kotlin\kotlin-daemon-embeddable\1.4.10\dbd67f42bed28043d17d7c860b06110a00a45970\kotlin-daemon-embeddable-1.4.10.jar;C:\Users\ACER\.gradle\caches\modules-2\files-2.1\org.jetbrains.intellij.deps\trove4j\1.0.20181211\216c2e14b070f334479d800987affe4054cd563f\trove4j-1.0.20181211.jar;C:\Users\ACER\.gradle\caches\modules-2\files-2.1\org.jetbrains.kotlin\kotlin-stdlib-common\1.4.10\6229be3465805c99db1142ad75e6c6ddeac0b04c\kotlin-stdlib-common-1.4.10.jar;C:\Users\ACER\.gradle\caches\modules-2\files-2.1\org.jetbrains\annotations\13.0\919f0dfe192fb4e063e7dacadee7f8bb9a2672a9\annotations-13.0.jar;C:\Program Files\Android\Android Studio\jre\lib\tools.jar
Launcher Type: SUN_STANDARD

Environment Variables:
PATH=C:\Program Files (x86)\Common Files\Oracle\Java\javapath;C:\Program Files\Haskell\bin;C:\Program Files\Haskell Platform\8.6.5\lib\extralibs\bin;C:\Program Files\Haskell Platform\8.6.5\bin;C:\Windows\system32;C:\Windows;C:\Windows\System32\Wbem;C:\Windows\System32\WindowsPowerShell\v1.0\;C:\Program Files\Haskell Platform\8.6.5\mingw\bin;C:\Program Files\Microsoft SQL Server\130\Tools\Binn\;C:\Program Files\Git\cmd;C:\Users\ACER\AppData\Local\Programs\Python\Python38\Scripts\;C:\Users\ACER\AppData\Local\Programs\Python\Python38\;C:\Users\ACER\AppData\Roaming\cabal\bin;C:\Users\ACER\AppData\Roaming\local\bin;C:\Users\ACER\AppData\Local\Programs\Microsoft VS Code\bin
USERNAME=ACER
OS=Windows_NT
PROCESSOR_IDENTIFIER=Intel64 Family 6 Model 61 Stepping 4, GenuineIntel



---------------  S Y S T E M  ---------------

OS: Windows 10.0 , 64 bit Build 10240 (10.0.10240.16384)

CPU:total 4 (initial active 4) (2 cores per cpu, 2 threads per core) family 6 model 61 stepping 4, cmov, cx8, fxsr, mmx, sse, sse2, sse3, ssse3, sse4.1, sse4.2, popcnt, avx, avx2, aes, clmul, erms, 3dnowpref, lzcnt, ht, tsc, tscinvbit, bmi1, bmi2, adx

Memory: 4k page, physical 8301900k(192236k free), swap 22881736k(4108k free)

vm_info: OpenJDK 64-Bit Server VM (25.242-b01) for windows-amd64 JRE (1.8.0_242-release-1644-b01), built by "builder" with MS VC++ 10.0 (VS2010)

time: Fri Dec 04 17:19:05 2020
timezone: Hora estándar del Pacífico
elapsed time: 4 seconds (0d 0h 0m 4s)

