#
# There is insufficient memory for the Java Runtime Environment to continue.
# Native memory allocation (malloc) failed to allocate 1048576 bytes for AllocateHeap
# Possible reasons:
#   The system is out of physical RAM or swap space
#   The process is running with CompressedOops enabled, and the Java Heap may be blocking the growth of the native heap
# Possible solutions:
#   Reduce memory load on the system
#   Increase physical memory or swap space
#   Check if swap backing store is full
#   Decrease Java heap size (-Xmx/-Xms)
#   Decrease number of Java threads
#   Decrease Java thread stack sizes (-Xss)
#   Set larger code cache with -XX:ReservedCodeCacheSize=
#   JVM is running with Unscaled Compressed Oops mode in which the Java heap is
#     placed in the first 4GB address space. The Java Heap base address is the
#     maximum limit for the native heap growth. Please use -XX:HeapBaseMinAddress
#     to set the Java Heap base and to place the Java Heap above 4GB virtual address.
# This output file may be truncated or incomplete.
#
#  Out of Memory Error (memory/allocation.inline.hpp:61), pid=10660, tid=0x0000000000002854
#
# JRE version:  (8.0_242-b01) (build )
# Java VM: OpenJDK 64-Bit Server VM (25.242-b01 mixed mode windows-amd64 compressed oops)
# Failed to write core dump. Minidumps are not enabled by default on client versions of Windows
#

---------------  T H R E A D  ---------------

Current thread (0x000000000100e800):  JavaThread "Unknown thread" [_thread_in_vm, id=10324, stack(0x0000000002770000,0x0000000002870000)]

Stack: [0x0000000002770000,0x0000000002870000]
[error occurred during error reporting (printing stack bounds), id 0xc0000005]

Native frames: (J=compiled Java code, j=interpreted, Vv=VM code, C=native code)


---------------  P R O C E S S  ---------------

Java Threads: ( => current thread )

Other Threads:

=>0x000000000100e800 (exited) JavaThread "Unknown thread" [_thread_in_vm, id=10324, stack(0x0000000002770000,0x0000000002870000)]

VM state:not at safepoint (normal execution)

VM Mutex/Monitor currently owned by a thread: None

heap address: 0x0000000081400000, size: 2028 MB, Compressed Oops mode: 32-bit
Narrow klass base: 0x0000000000000000, Narrow klass shift: 3
Compressed class space size: 1073741824 Address: 0x0000000100000000

Heap:
 PSYoungGen      total 38400K, used 665K [0x00000000d5c00000, 0x00000000d8680000, 0x0000000100000000)
  eden space 33280K, 2% used [0x00000000d5c00000,0x00000000d5ca6670,0x00000000d7c80000)
  from space 5120K, 0% used [0x00000000d8180000,0x00000000d8180000,0x00000000d8680000)
  to   space 5120K, 0% used [0x00000000d7c80000,0x00000000d7c80000,0x00000000d8180000)
 ParOldGen       total 87552K, used 0K [0x0000000081400000, 0x0000000086980000, 0x00000000d5c00000)
  object space 87552K, 0% used [0x0000000081400000,0x0000000081400000,0x0000000086980000)
 Metaspace       used 779K, capacity 4480K, committed 4480K, reserved 1056768K
  class space    used 74K, capacity 384K, committed 384K, reserved 1048576K

Card table byte_map: [0x0000000011f10000,0x0000000012310000] byte_map_base: 0x0000000011b06000

Marking Bits: (ParMarkBitMap*) 0x0000000056a6f030
 Begin Bits: [0x00000000129c0000, 0x0000000014970000)
 End Bits:   [0x0000000014970000, 0x0000000016920000)

Polling page: 0x0000000000d20000

CodeCache: size=245760Kb used=328Kb max_used=328Kb free=245431Kb
 bounds [0x0000000002b50000, 0x0000000002dc0000, 0x0000000011b50000]
 total_blobs=57 nmethods=0 adapters=38
 compilation: enabled

Compilation events (0 events):
No events

GC Heap History (0 events):
No events

Deoptimization events (0 events):
No events

Classes redefined (0 events):
No events

Internal exceptions (0 events):
No events

Events (10 events):
Event: 0.051 loading class java/lang/Short
Event: 0.051 loading class java/lang/Short done
Event: 0.051 loading class java/lang/Integer
Event: 0.051 loading class java/lang/Integer done
Event: 0.051 loading class java/lang/Long
Event: 0.051 loading class java/lang/Long done
Event: 0.059 loading class java/lang/NullPointerException
Event: 0.059 loading class java/lang/NullPointerException done
Event: 0.059 loading class java/lang/ArithmeticException
Event: 0.059 loading class java/lang/ArithmeticException done


Dynamic libraries:
0x00007ff772790000 - 0x00007ff7727c1000 	C:\Program Files\Android\Android Studio\jre\jre\bin\java.exe
0x00007ffd73bd0000 - 0x00007ffd73d92000 	C:\Windows\SYSTEM32\ntdll.dll
0x00007ffd71600000 - 0x00007ffd716ad000 	C:\Windows\system32\KERNEL32.DLL
0x00007ffd710c0000 - 0x00007ffd7129d000 	C:\Windows\system32\KERNELBASE.dll
0x00007ffd71550000 - 0x00007ffd715f6000 	C:\Windows\system32\ADVAPI32.dll
0x00007ffd712a0000 - 0x00007ffd7133d000 	C:\Windows\system32\msvcrt.dll
0x00007ffd73220000 - 0x00007ffd7327b000 	C:\Windows\system32\sechost.dll
0x00007ffd71710000 - 0x00007ffd71836000 	C:\Windows\system32\RPCRT4.dll
0x00007ffd71340000 - 0x00007ffd7148e000 	C:\Windows\system32\USER32.dll
0x00007ffd73630000 - 0x00007ffd737b5000 	C:\Windows\system32\GDI32.dll
0x00007ffd633d0000 - 0x00007ffd63644000 	C:\Windows\WinSxS\amd64_microsoft.windows.common-controls_6595b64144ccf1df_6.0.10240.16384_none_f41f7b285750ef43\COMCTL32.dll
0x00007ffd73910000 - 0x00007ffd73946000 	C:\Windows\system32\IMM32.DLL
0x00007ffd72e20000 - 0x00007ffd72f7c000 	C:\Windows\system32\MSCTF.dll
0x00000000560e0000 - 0x00000000561b2000 	C:\Program Files\Android\Android Studio\jre\jre\bin\msvcr100.dll
0x00000000562a0000 - 0x0000000056aeb000 	C:\Program Files\Android\Android Studio\jre\jre\bin\server\jvm.dll
0x00007ffd73210000 - 0x00007ffd73218000 	C:\Windows\system32\PSAPI.DLL
0x00007ffd624c0000 - 0x00007ffd624c9000 	C:\Windows\SYSTEM32\WSOCK32.dll
0x00007ffd73130000 - 0x00007ffd73199000 	C:\Windows\system32\WS2_32.dll
0x00007ffd731a0000 - 0x00007ffd731a8000 	C:\Windows\system32\NSI.dll
0x00007ffd68f00000 - 0x00007ffd68f23000 	C:\Windows\SYSTEM32\WINMM.dll
0x00007ffd68670000 - 0x00007ffd6867a000 	C:\Windows\SYSTEM32\VERSION.dll
0x00007ffd68d20000 - 0x00007ffd68d4c000 	C:\Windows\SYSTEM32\WINMMBASE.dll
0x00007ffd70fb0000 - 0x00007ffd70ff4000 	C:\Windows\system32\cfgmgr32.dll
0x00007ffd6eed0000 - 0x00007ffd6eef7000 	C:\Windows\SYSTEM32\DEVOBJ.dll
0x00007ffd61ca0000 - 0x00007ffd61caf000 	C:\Program Files\Android\Android Studio\jre\jre\bin\verify.dll
0x00007ffd61c70000 - 0x00007ffd61c99000 	C:\Program Files\Android\Android Studio\jre\jre\bin\java.dll
0x00007ffd60540000 - 0x00007ffd60556000 	C:\Program Files\Android\Android Studio\jre\jre\bin\zip.dll

VM Arguments:
java_command: org.jetbrains.kotlin.cli.jvm.K2JVMCompiler @C:\Users\ACER\Desktop\Citas-20201203T201747Z-001\Citas\app\build\20201204_3963927623523085609.compiler.options
java_class_path (initial): C:\Users\ACER\.gradle\caches\modules-2\files-2.1\org.jetbrains.kotlin\kotlin-compiler-embeddable\1.4.10\38c4b99d5d5362debdd9302a866730379aa2328a\kotlin-compiler-embeddable-1.4.10.jar;C:\Users\ACER\.gradle\caches\modules-2\files-2.1\org.jetbrains.kotlin\kotlin-reflect\1.4.10\e2b3c6695eee6085e606d96d685396dce23a3a06\kotlin-reflect-1.4.10.jar;C:\Users\ACER\.gradle\caches\modules-2\files-2.1\org.jetbrains.kotlin\kotlin-stdlib\1.4.10\ea29e063d2bbe695be13e9d044dcfb0c7add398e\kotlin-stdlib-1.4.10.jar;C:\Users\ACER\.gradle\caches\modules-2\files-2.1\org.jetbrains.kotlin\kotlin-script-runtime\1.4.10\7c19d9c2001e016cd7664cebe9eea66fc04a7f4f\kotlin-script-runtime-1.4.10.jar;C:\Users\ACER\.gradle\caches\modules-2\files-2.1\org.jetbrains.kotlin\kotlin-daemon-embeddable\1.4.10\dbd67f42bed28043d17d7c860b06110a00a45970\kotlin-daemon-embeddable-1.4.10.jar;C:\Users\ACER\.gradle\caches\modules-2\files-2.1\org.jetbrains.intellij.deps\trove4j\1.0.20181211\216c2e14b070f334479d800987affe4054cd563f\trove4j-1.0.20181211.jar;C:\Users\ACER\.gradle\caches\modules-2\files-2.1\org.jetbrains.kotlin\kotlin-stdlib-common\1.4.10\6229be3465805c99db1142ad75e6c6ddeac0b04c\kotlin-stdlib-common-1.4.10.jar;C:\Users\ACER\.gradle\caches\modules-2\files-2.1\org.jetbrains\annotations\13.0\919f0dfe192fb4e063e7dacadee7f8bb9a2672a9\annotations-13.0.jar;C:\Program Files\Android\Android Studio\jre\lib\tools.jar
Launcher Type: SUN_STANDARD

Environment Variables:
PATH=C:\Program Files (x86)\Common Files\Oracle\Java\javapath;C:\Program Files\Haskell\bin;C:\Program Files\Haskell Platform\8.6.5\lib\extralibs\bin;C:\Program Files\Haskell Platform\8.6.5\bin;C:\Windows\system32;C:\Windows;C:\Windows\System32\Wbem;C:\Windows\System32\WindowsPowerShell\v1.0\;C:\Program Files\Haskell Platform\8.6.5\mingw\bin;C:\Program Files\Microsoft SQL Server\130\Tools\Binn\;C:\Program Files\Git\cmd;C:\Users\ACER\AppData\Local\Programs\Python\Python38\Scripts\;C:\Users\ACER\AppData\Local\Programs\Python\Python38\;C:\Users\ACER\AppData\Roaming\cabal\bin;C:\Users\ACER\AppData\Roaming\local\bin;C:\Users\ACER\AppData\Local\Programs\Microsoft VS Code\bin
USERNAME=ACER
OS=Windows_NT
PROCESSOR_IDENTIFIER=Intel64 Family 6 Model 61 Stepping 4, GenuineIntel



---------------  S Y S T E M  ---------------

OS: Windows 10.0 , 64 bit Build 10240 (10.0.10240.16384)

CPU:total 4 (initial active 4) (2 cores per cpu, 2 threads per core) family 6 model 61 stepping 4, cmov, cx8, fxsr, mmx, sse, sse2, sse3, ssse3, sse4.1, sse4.2, popcnt, avx, avx2, aes, clmul, erms, 3dnowpref, lzcnt, ht, tsc, tscinvbit, bmi1, bmi2, adx

Memory: 4k page, physical 8301900k(325240k free), swap 22881632k(4968k free)

vm_info: OpenJDK 64-Bit Server VM (25.242-b01) for windows-amd64 JRE (1.8.0_242-release-1644-b01), built by "builder" with MS VC++ 10.0 (VS2010)

time: Fri Dec 04 17:12:19 2020
timezone: Hora estándar del Pacífico
elapsed time: 0 seconds (0d 0h 0m 0s)

