#
# There is insufficient memory for the Java Runtime Environment to continue.
# Native memory allocation (malloc) failed to allocate 433008 bytes for Chunk::new
# Possible reasons:
#   The system is out of physical RAM or swap space
#   The process is running with CompressedOops enabled, and the Java Heap may be blocking the growth of the native heap
# Possible solutions:
#   Reduce memory load on the system
#   Increase physical memory or swap space
#   Check if swap backing store is full
#   Decrease Java heap size (-Xmx/-Xms)
#   Decrease number of Java threads
#   Decrease Java thread stack sizes (-Xss)
#   Set larger code cache with -XX:ReservedCodeCacheSize=
#   JVM is running with Unscaled Compressed Oops mode in which the Java heap is
#     placed in the first 4GB address space. The Java Heap base address is the
#     maximum limit for the native heap growth. Please use -XX:HeapBaseMinAddress
#     to set the Java Heap base and to place the Java Heap above 4GB virtual address.
# This output file may be truncated or incomplete.
#
#  Out of Memory Error (allocation.cpp:389), pid=7172, tid=0x00000000000004f4
#
# JRE version: OpenJDK Runtime Environment (8.0_242-b01) (build 1.8.0_242-release-1644-b01)
# Java VM: OpenJDK 64-Bit Server VM (25.242-b01 mixed mode windows-amd64 compressed oops)
# Failed to write core dump. Minidumps are not enabled by default on client versions of Windows
#

---------------  T H R E A D  ---------------

Current thread (0x000000001700b000):  JavaThread "C2 CompilerThread1" daemon [_thread_in_native, id=1268, stack(0x0000000018750000,0x0000000018850000)]

Stack: [0x0000000018750000,0x0000000018850000]
[error occurred during error reporting (printing stack bounds), id 0xc0000005]

Native frames: (J=compiled Java code, j=interpreted, Vv=VM code, C=native code)


Current CompileTask:
C2:   9369 3286       4       org.jetbrains.org.objectweb.asm.ClassReader::readMethod (1047 bytes)


---------------  P R O C E S S  ---------------

Java Threads: ( => current thread )
  0x0000000018991800 JavaThread "Service Thread" daemon [_thread_blocked, id=7772, stack(0x0000000018d50000,0x0000000018e50000)]
  0x0000000017036000 JavaThread "C1 CompilerThread2" daemon [_thread_blocked, id=3148, stack(0x0000000018850000,0x0000000018950000)]
=>0x000000001700b000 JavaThread "C2 CompilerThread1" daemon [_thread_in_native, id=1268, stack(0x0000000018750000,0x0000000018850000)]
  0x0000000017008800 JavaThread "C2 CompilerThread0" daemon [_thread_in_native, id=10592, stack(0x0000000018650000,0x0000000018750000)]
  0x0000000017007000 JavaThread "Attach Listener" daemon [_thread_blocked, id=4880, stack(0x0000000018550000,0x0000000018650000)]
  0x0000000017005800 JavaThread "Signal Dispatcher" daemon [_thread_blocked, id=8696, stack(0x0000000018450000,0x0000000018550000)]
  0x000000000248c000 JavaThread "Finalizer" daemon [_thread_blocked, id=6944, stack(0x0000000018250000,0x0000000018350000)]
  0x0000000002481000 JavaThread "Reference Handler" daemon [_thread_blocked, id=3216, stack(0x0000000018150000,0x0000000018250000)]
  0x00000000020ae800 JavaThread "main" [_thread_in_Java, id=11064, stack(0x0000000002290000,0x0000000002390000)]

Other Threads:
  0x0000000016fc6000 VMThread [stack: 0x0000000018050000,0x0000000018150000] [id=10440]
  0x000000001705d800 WatcherThread [stack: 0x0000000018e50000,0x0000000018f50000] [id=10396]

VM state:not at safepoint (normal execution)

VM Mutex/Monitor currently owned by a thread: None

heap address: 0x0000000081400000, size: 2028 MB, Compressed Oops mode: 32-bit
Narrow klass base: 0x0000000000000000, Narrow klass shift: 3
Compressed class space size: 1073741824 Address: 0x0000000100000000

Heap:
 PSYoungGen      total 82432K, used 41588K [0x00000000d5c00000, 0x00000000dd780000, 0x0000000100000000)
  eden space 66048K, 62% used [0x00000000d5c00000,0x00000000d849d190,0x00000000d9c80000)
  from space 16384K, 0% used [0x00000000dac00000,0x00000000dac00000,0x00000000dbc00000)
  to   space 15872K, 0% used [0x00000000d9c80000,0x00000000d9c80000,0x00000000dac00000)
 ParOldGen       total 118272K, used 17625K [0x0000000081400000, 0x0000000088780000, 0x00000000d5c00000)
  object space 118272K, 14% used [0x0000000081400000,0x00000000825366e0,0x0000000088780000)
 Metaspace       used 38791K, capacity 39448K, committed 39936K, reserved 1083392K
  class space    used 4846K, capacity 4995K, committed 5120K, reserved 1048576K

Card table byte_map: [0x0000000011850000,0x0000000011c50000] byte_map_base: 0x0000000011446000

Marking Bits: (ParMarkBitMap*) 0x0000000056a6f030
 Begin Bits: [0x0000000012300000, 0x00000000142b0000)
 End Bits:   [0x00000000142b0000, 0x0000000016260000)

Polling page: 0x0000000002090000

CodeCache: size=245760Kb used=10178Kb max_used=10178Kb free=235581Kb
 bounds [0x0000000002490000, 0x0000000002e90000, 0x0000000011490000]
 total_blobs=3615 nmethods=3158 adapters=370
 compilation: enabled

Compilation events (10 events):
Event: 9.357 Thread 0x0000000017036000 3378       1       org.jetbrains.kotlin.protobuf.GeneratedMessageLite$ExtensionDescriptor::isPacked (5 bytes)
Event: 9.357 Thread 0x0000000017036000 nmethod 3378 0x0000000002e7fc90 code [0x0000000002e7fde0, 0x0000000002e7fef0]
Event: 9.357 Thread 0x0000000017036000 3385       3       org.jetbrains.kotlin.protobuf.FieldSet::writeElement (36 bytes)
Event: 9.358 Thread 0x0000000017036000 nmethod 3385 0x0000000002e7ff50 code [0x0000000002e80160, 0x0000000002e80e08]
Event: 9.358 Thread 0x0000000017036000 3386       3       org.jetbrains.kotlin.protobuf.FieldSet::writeElementNoTag (378 bytes)
Event: 9.362 Thread 0x0000000017036000 nmethod 3386 0x0000000002e81310 code [0x0000000002e81900, 0x0000000002e86e58]
Event: 9.362 Thread 0x0000000017036000 3389       3       org.jetbrains.kotlin.metadata.jvm.JvmProtoBuf$JvmMethodSignature::writeTo (52 bytes)
Event: 9.362 Thread 0x0000000017036000 nmethod 3389 0x0000000002e88690 code [0x0000000002e888c0, 0x0000000002e898e8]
Event: 9.362 Thread 0x0000000017036000 3379       1       org.jetbrains.kotlin.metadata.ProtoBuf$Annotation$Argument$Value$Type::getNumber (5 bytes)
Event: 9.363 Thread 0x0000000017036000 nmethod 3379 0x0000000002e89e10 code [0x0000000002e89f60, 0x0000000002e8a070]

GC Heap History (10 events):
Event: 3.697 GC heap before
{Heap before GC invocations=4 (full 1):
 PSYoungGen      total 38400K, used 5097K [0x00000000d5c00000, 0x00000000da700000, 0x0000000100000000)
  eden space 33280K, 0% used [0x00000000d5c00000,0x00000000d5c00000,0x00000000d7c80000)
  from space 5120K, 99% used [0x00000000d7c80000,0x00000000d817a660,0x00000000d8180000)
  to   space 5120K, 0% used [0x00000000da200000,0x00000000da200000,0x00000000da700000)
 ParOldGen       total 87552K, used 11575K [0x0000000081400000, 0x0000000086980000, 0x00000000d5c00000)
  object space 87552K, 13% used [0x0000000081400000,0x0000000081f4dee0,0x0000000086980000)
 Metaspace       used 20778K, capacity 21212K, committed 21248K, reserved 1069056K
  class space    used 2412K, capacity 2558K, committed 2560K, reserved 1048576K
Event: 3.767 GC heap after
Heap after GC invocations=4 (full 1):
 PSYoungGen      total 38400K, used 0K [0x00000000d5c00000, 0x00000000da700000, 0x0000000100000000)
  eden space 33280K, 0% used [0x00000000d5c00000,0x00000000d5c00000,0x00000000d7c80000)
  from space 5120K, 0% used [0x00000000d7c80000,0x00000000d7c80000,0x00000000d8180000)
  to   space 5120K, 0% used [0x00000000da200000,0x00000000da200000,0x00000000da700000)
 ParOldGen       total 68608K, used 9140K [0x0000000081400000, 0x0000000085700000, 0x00000000d5c00000)
  object space 68608K, 13% used [0x0000000081400000,0x0000000081ced008,0x0000000085700000)
 Metaspace       used 20778K, capacity 21212K, committed 21248K, reserved 1069056K
  class space    used 2412K, capacity 2558K, committed 2560K, reserved 1048576K
}
Event: 4.968 GC heap before
{Heap before GC invocations=5 (full 1):
 PSYoungGen      total 38400K, used 33280K [0x00000000d5c00000, 0x00000000da700000, 0x0000000100000000)
  eden space 33280K, 100% used [0x00000000d5c00000,0x00000000d7c80000,0x00000000d7c80000)
  from space 5120K, 0% used [0x00000000d7c80000,0x00000000d7c80000,0x00000000d8180000)
  to   space 5120K, 0% used [0x00000000da200000,0x00000000da200000,0x00000000da700000)
 ParOldGen       total 68608K, used 9140K [0x0000000081400000, 0x0000000085700000, 0x00000000d5c00000)
  object space 68608K, 13% used [0x0000000081400000,0x0000000081ced008,0x0000000085700000)
 Metaspace       used 23804K, capacity 24278K, committed 24448K, reserved 1071104K
  class space    used 2805K, capacity 2933K, committed 2944K, reserved 1048576K
Event: 4.982 GC heap after
Heap after GC invocations=5 (full 1):
 PSYoungGen      total 51712K, used 5116K [0x00000000d5c00000, 0x00000000da700000, 0x0000000100000000)
  eden space 46592K, 0% used [0x00000000d5c00000,0x00000000d5c00000,0x00000000d8980000)
  from space 5120K, 99% used [0x00000000da200000,0x00000000da6ff3d8,0x00000000da700000)
  to   space 5120K, 0% used [0x00000000d9d00000,0x00000000d9d00000,0x00000000da200000)
 ParOldGen       total 68608K, used 11101K [0x0000000081400000, 0x0000000085700000, 0x00000000d5c00000)
  object space 68608K, 16% used [0x0000000081400000,0x0000000081ed7640,0x0000000085700000)
 Metaspace       used 23804K, capacity 24278K, committed 24448K, reserved 1071104K
  class space    used 2805K, capacity 2933K, committed 2944K, reserved 1048576K
}
Event: 6.910 GC heap before
{Heap before GC invocations=6 (full 1):
 PSYoungGen      total 51712K, used 51708K [0x00000000d5c00000, 0x00000000da700000, 0x0000000100000000)
  eden space 46592K, 100% used [0x00000000d5c00000,0x00000000d8980000,0x00000000d8980000)
  from space 5120K, 99% used [0x00000000da200000,0x00000000da6ff3d8,0x00000000da700000)
  to   space 5120K, 0% used [0x00000000d9d00000,0x00000000d9d00000,0x00000000da200000)
 ParOldGen       total 68608K, used 11101K [0x0000000081400000, 0x0000000085700000, 0x00000000d5c00000)
  object space 68608K, 16% used [0x0000000081400000,0x0000000081ed7640,0x0000000085700000)
 Metaspace       used 32156K, capacity 32740K, committed 33152K, reserved 1079296K
  class space    used 4024K, capacity 4189K, committed 4224K, reserved 1048576K
Event: 6.941 GC heap after
Heap after GC invocations=6 (full 1):
 PSYoungGen      total 70656K, used 5091K [0x00000000d5c00000, 0x00000000dbc00000, 0x0000000100000000)
  eden space 65536K, 0% used [0x00000000d5c00000,0x00000000d5c00000,0x00000000d9c00000)
  from space 5120K, 99% used [0x00000000d9d00000,0x00000000da1f8c70,0x00000000da200000)
  to   space 16384K, 0% used [0x00000000dac00000,0x00000000dac00000,0x00000000dbc00000)
 ParOldGen       total 68608K, used 23479K [0x0000000081400000, 0x0000000085700000, 0x00000000d5c00000)
  object space 68608K, 34% used [0x0000000081400000,0x0000000082aedc48,0x0000000085700000)
 Metaspace       used 32156K, capacity 32740K, committed 33152K, reserved 1079296K
  class space    used 4024K, capacity 4189K, committed 4224K, reserved 1048576K
}
Event: 7.578 GC heap before
{Heap before GC invocations=7 (full 1):
 PSYoungGen      total 70656K, used 19316K [0x00000000d5c00000, 0x00000000dbc00000, 0x0000000100000000)
  eden space 65536K, 21% used [0x00000000d5c00000,0x00000000d69e4750,0x00000000d9c00000)
  from space 5120K, 99% used [0x00000000d9d00000,0x00000000da1f8c70,0x00000000da200000)
  to   space 16384K, 0% used [0x00000000dac00000,0x00000000dac00000,0x00000000dbc00000)
 ParOldGen       total 68608K, used 23479K [0x0000000081400000, 0x0000000085700000, 0x00000000d5c00000)
  object space 68608K, 34% used [0x0000000081400000,0x0000000082aedc48,0x0000000085700000)
 Metaspace       used 34544K, capacity 35060K, committed 35416K, reserved 1081344K
  class space    used 4375K, capacity 4513K, committed 4608K, reserved 1048576K
Event: 7.591 GC heap after
Heap after GC invocations=7 (full 1):
 PSYoungGen      total 82432K, used 8428K [0x00000000d5c00000, 0x00000000dd780000, 0x0000000100000000)
  eden space 66048K, 0% used [0x00000000d5c00000,0x00000000d5c00000,0x00000000d9c80000)
  from space 16384K, 51% used [0x00000000dac00000,0x00000000db43b278,0x00000000dbc00000)
  to   space 15872K, 0% used [0x00000000d9c80000,0x00000000d9c80000,0x00000000dac00000)
 ParOldGen       total 68608K, used 23487K [0x0000000081400000, 0x0000000085700000, 0x00000000d5c00000)
  object space 68608K, 34% used [0x0000000081400000,0x0000000082aefc48,0x0000000085700000)
 Metaspace       used 34544K, capacity 35060K, committed 35416K, reserved 1081344K
  class space    used 4375K, capacity 4513K, committed 4608K, reserved 1048576K
}
Event: 7.591 GC heap before
{Heap before GC invocations=8 (full 2):
 PSYoungGen      total 82432K, used 8428K [0x00000000d5c00000, 0x00000000dd780000, 0x0000000100000000)
  eden space 66048K, 0% used [0x00000000d5c00000,0x00000000d5c00000,0x00000000d9c80000)
  from space 16384K, 51% used [0x00000000dac00000,0x00000000db43b278,0x00000000dbc00000)
  to   space 15872K, 0% used [0x00000000d9c80000,0x00000000d9c80000,0x00000000dac00000)
 ParOldGen       total 68608K, used 23487K [0x0000000081400000, 0x0000000085700000, 0x00000000d5c00000)
  object space 68608K, 34% used [0x0000000081400000,0x0000000082aefc48,0x0000000085700000)
 Metaspace       used 34544K, capacity 35060K, committed 35416K, reserved 1081344K
  class space    used 4375K, capacity 4513K, committed 4608K, reserved 1048576K
Event: 7.727 GC heap after
Heap after GC invocations=8 (full 2):
 PSYoungGen      total 82432K, used 0K [0x00000000d5c00000, 0x00000000dd780000, 0x0000000100000000)
  eden space 66048K, 0% used [0x00000000d5c00000,0x00000000d5c00000,0x00000000d9c80000)
  from space 16384K, 0% used [0x00000000dac00000,0x00000000dac00000,0x00000000dbc00000)
  to   space 15872K, 0% used [0x00000000d9c80000,0x00000000d9c80000,0x00000000dac00000)
 ParOldGen       total 118272K, used 17625K [0x0000000081400000, 0x0000000088780000, 0x00000000d5c00000)
  object space 118272K, 14% used [0x0000000081400000,0x00000000825366e0,0x0000000088780000)
 Metaspace       used 34544K, capacity 35060K, committed 35416K, reserved 1081344K
  class space    used 4375K, capacity 4513K, committed 4608K, reserved 1048576K
}

Deoptimization events (10 events):
Event: 8.093 Thread 0x00000000020ae800 Uncommon trap: reason=unstable_if action=reinterpret pc=0x0000000002659840 method=org.jetbrains.kotlin.lexer._JetLexer.advance()Lorg/jetbrains/kotlin/com/intellij/psi/tree/IElementType; @ 227
Event: 8.519 Thread 0x00000000020ae800 Uncommon trap: reason=unstable_if action=reinterpret pc=0x0000000002840ee4 method=java.lang.Integer.valueOf(I)Ljava/lang/Integer; @ 3
Event: 8.729 Thread 0x00000000020ae800 Uncommon trap: reason=unstable_if action=reinterpret pc=0x00000000025ab8a0 method=java.text.StringCharacterIterator.current()C @ 19
Event: 8.776 Thread 0x00000000020ae800 Uncommon trap: reason=bimorphic action=maybe_recompile pc=0x00000000028f5978 method=java.util.HashMap.putVal(ILjava/lang/Object;Ljava/lang/Object;ZZ)Ljava/lang/Object; @ 203
Event: 8.776 Thread 0x00000000020ae800 Uncommon trap: reason=bimorphic action=maybe_recompile pc=0x00000000028f5978 method=java.util.HashMap.putVal(ILjava/lang/Object;Ljava/lang/Object;ZZ)Ljava/lang/Object; @ 203
Event: 8.871 Thread 0x00000000020ae800 Uncommon trap: reason=bimorphic action=maybe_recompile pc=0x0000000002bf326c method=org.jetbrains.kotlin.protobuf.CodedInputStream.tryRefillBuffer(I)Z @ 177
Event: 8.880 Thread 0x00000000020ae800 Uncommon trap: reason=bimorphic action=maybe_recompile pc=0x0000000002bf326c method=org.jetbrains.kotlin.protobuf.CodedInputStream.tryRefillBuffer(I)Z @ 177
Event: 8.902 Thread 0x00000000020ae800 Uncommon trap: reason=unstable_if action=reinterpret pc=0x00000000025a82e0 method=org.jetbrains.org.objectweb.asm.ClassReader.readUtf(II[C)Ljava/lang/String; @ 41
Event: 8.963 Thread 0x00000000020ae800 Uncommon trap: reason=bimorphic action=maybe_recompile pc=0x0000000002bf326c method=org.jetbrains.kotlin.protobuf.CodedInputStream.tryRefillBuffer(I)Z @ 177
Event: 8.967 Thread 0x00000000020ae800 Uncommon trap: reason=bimorphic action=maybe_recompile pc=0x0000000002bf326c method=org.jetbrains.kotlin.protobuf.CodedInputStream.tryRefillBuffer(I)Z @ 177

Classes redefined (0 events):
No events

Internal exceptions (10 events):
Event: 3.013 Thread 0x00000000020ae800 Exception <a 'java/lang/NoSuchMethodError': java.lang.Object.lambda$static$0()J> (0x00000000d60549e8) thrown at [C:\src\AOSP-openjdk-git\hotspot\src\share\vm\interpreter\linkResolver.cpp, line 620]
Event: 3.413 Thread 0x00000000020ae800 Exception <a 'java/lang/NoSuchMethodError': java.lang.Object.lambda$static$0(I)[Lorg/jetbrains/kotlin/com/intellij/openapi/editor/event/DocumentListener;> (0x00000000d67a9280) thrown at [C:\src\AOSP-openjdk-git\hotspot\src\share\vm\interpreter\linkResolve
Event: 3.490 Thread 0x00000000020ae800 Exception <a 'java/lang/NoSuchMethodError': java.lang.Object.lambda$static$0(I)[Lorg/jetbrains/kotlin/com/intellij/psi/PsiAnnotation;> (0x00000000d69c6fb8) thrown at [C:\src\AOSP-openjdk-git\hotspot\src\share\vm\interpreter\linkResolver.cpp, line 620]
Event: 3.812 Thread 0x00000000020ae800 Exception <a 'java/lang/NoSuchMethodError': java.lang.Object.lambda$static$0(I)[Lorg/jetbrains/kotlin/com/intellij/psi/PsiElement;> (0x00000000d5ce3be0) thrown at [C:\src\AOSP-openjdk-git\hotspot\src\share\vm\interpreter\linkResolver.cpp, line 620]
Event: 5.828 Thread 0x00000000020ae800 Implicit null exception at 0x0000000002b384d1 to 0x0000000002b386dd
Event: 5.894 Thread 0x00000000020ae800 Exception <a 'java/lang/ArrayIndexOutOfBoundsException': 126> (0x00000000d71ef8b0) thrown at [C:\src\AOSP-openjdk-git\hotspot\src\share\vm\interpreter\interpreterRuntime.cpp, line 368]
Event: 5.895 Thread 0x00000000020ae800 Exception <a 'java/lang/ArrayIndexOutOfBoundsException': 86> (0x00000000d71f0d38) thrown at [C:\src\AOSP-openjdk-git\hotspot\src\share\vm\interpreter\interpreterRuntime.cpp, line 368]
Event: 7.837 Thread 0x00000000020ae800 Exception <a 'java/lang/NoSuchMethodError': java.lang.Object.lambda$static$0(I)[Lorg/jetbrains/kotlin/psi/KtExpression;> (0x00000000d5dd5c60) thrown at [C:\src\AOSP-openjdk-git\hotspot\src\share\vm\interpreter\linkResolver.cpp, line 620]
Event: 8.189 Thread 0x00000000020ae800 Exception <a 'java/lang/NoSuchMethodError': java.lang.Object.lambda$static$0(I)[Lorg/jetbrains/kotlin/psi/KtDeclaration;> (0x00000000d6353ac8) thrown at [C:\src\AOSP-openjdk-git\hotspot\src\share\vm\interpreter\linkResolver.cpp, line 620]
Event: 8.295 Thread 0x00000000020ae800 Exception <a 'java/lang/NoSuchMethodError': java.lang.Object.lambda$static$0(I)[Lorg/jetbrains/kotlin/psi/KtTypeElement;> (0x00000000d6501400) thrown at [C:\src\AOSP-openjdk-git\hotspot\src\share\vm\interpreter\linkResolver.cpp, line 620]

Events (10 events):
Event: 9.203 loading class org/jetbrains/kotlin/descriptors/impl/ValueParameterDescriptorImpl$Companion
Event: 9.203 loading class org/jetbrains/kotlin/descriptors/impl/ValueParameterDescriptorImpl$Companion done
Event: 9.204 loading class org/jetbrains/kotlin/types/expressions/ExpressionTypingUtils
Event: 9.204 loading class org/jetbrains/kotlin/types/expressions/ExpressionTypingUtils done
Event: 9.205 loading class org/jetbrains/kotlin/types/expressions/ExpressionTypingUtils$1
Event: 9.205 loading class org/jetbrains/kotlin/types/expressions/ExpressionTypingUtils$1 done
Event: 9.207 loading class org/jetbrains/kotlin/resolve/scopes/utils/LexicalScopeWrapper
Event: 9.207 loading class org/jetbrains/kotlin/resolve/scopes/utils/LexicalScopeWrapper done
Event: 9.208 loading class org/jetbrains/kotlin/resolve/scopes/LexicalScopeStorage$IntList
Event: 9.208 loading class org/jetbrains/kotlin/resolve/scopes/LexicalScopeStorage$IntList done


Dynamic libraries:
0x00007ff715ea0000 - 0x00007ff715ed1000 	C:\Program Files\Android\Android Studio\jre\jre\bin\java.exe
0x00007ffd73bd0000 - 0x00007ffd73d92000 	C:\Windows\SYSTEM32\ntdll.dll
0x00007ffd71600000 - 0x00007ffd716ad000 	C:\Windows\system32\KERNEL32.DLL
0x00007ffd710c0000 - 0x00007ffd7129d000 	C:\Windows\system32\KERNELBASE.dll
0x00007ffd71550000 - 0x00007ffd715f6000 	C:\Windows\system32\ADVAPI32.dll
0x00007ffd712a0000 - 0x00007ffd7133d000 	C:\Windows\system32\msvcrt.dll
0x00007ffd73220000 - 0x00007ffd7327b000 	C:\Windows\system32\sechost.dll
0x00007ffd71710000 - 0x00007ffd71836000 	C:\Windows\system32\RPCRT4.dll
0x00007ffd71340000 - 0x00007ffd7148e000 	C:\Windows\system32\USER32.dll
0x00007ffd73630000 - 0x00007ffd737b5000 	C:\Windows\system32\GDI32.dll
0x00007ffd633d0000 - 0x00007ffd63644000 	C:\Windows\WinSxS\amd64_microsoft.windows.common-controls_6595b64144ccf1df_6.0.10240.16384_none_f41f7b285750ef43\COMCTL32.dll
0x00007ffd73910000 - 0x00007ffd73946000 	C:\Windows\system32\IMM32.DLL
0x00007ffd72e20000 - 0x00007ffd72f7c000 	C:\Windows\system32\MSCTF.dll
0x00000000560e0000 - 0x00000000561b2000 	C:\Program Files\Android\Android Studio\jre\jre\bin\msvcr100.dll
0x00000000562a0000 - 0x0000000056aeb000 	C:\Program Files\Android\Android Studio\jre\jre\bin\server\jvm.dll
0x00007ffd73210000 - 0x00007ffd73218000 	C:\Windows\system32\PSAPI.DLL
0x00007ffd68670000 - 0x00007ffd6867a000 	C:\Windows\SYSTEM32\VERSION.dll
0x00007ffd68f00000 - 0x00007ffd68f23000 	C:\Windows\SYSTEM32\WINMM.dll
0x00007ffd68d20000 - 0x00007ffd68d4c000 	C:\Windows\SYSTEM32\WINMMBASE.dll
0x00007ffd70fb0000 - 0x00007ffd70ff4000 	C:\Windows\system32\cfgmgr32.dll
0x00007ffd6eed0000 - 0x00007ffd6eef7000 	C:\Windows\SYSTEM32\DEVOBJ.dll
0x00007ffd624c0000 - 0x00007ffd624c9000 	C:\Windows\SYSTEM32\WSOCK32.dll
0x00007ffd73130000 - 0x00007ffd73199000 	C:\Windows\system32\WS2_32.dll
0x00007ffd731a0000 - 0x00007ffd731a8000 	C:\Windows\system32\NSI.dll
0x00007ffd61ca0000 - 0x00007ffd61caf000 	C:\Program Files\Android\Android Studio\jre\jre\bin\verify.dll
0x00007ffd61c70000 - 0x00007ffd61c99000 	C:\Program Files\Android\Android Studio\jre\jre\bin\java.dll
0x00007ffd60540000 - 0x00007ffd60556000 	C:\Program Files\Android\Android Studio\jre\jre\bin\zip.dll
0x00007ffd718f0000 - 0x00007ffd72e15000 	C:\Windows\system32\SHELL32.dll
0x00007ffd706a0000 - 0x00007ffd70cc8000 	C:\Windows\system32\windows.storage.dll
0x00007ffd73950000 - 0x00007ffd73bcc000 	C:\Windows\system32\combase.dll
0x00007ffd735b0000 - 0x00007ffd73601000 	C:\Windows\system32\shlwapi.dll
0x00007ffd70690000 - 0x00007ffd7069f000 	C:\Windows\system32\kernel.appcore.dll
0x00007ffd71000000 - 0x00007ffd710b3000 	C:\Windows\system32\shcore.dll
0x00007ffd70600000 - 0x00007ffd7064a000 	C:\Windows\system32\powrprof.dll
0x00007ffd70670000 - 0x00007ffd70683000 	C:\Windows\system32\profapi.dll
0x00007ffd55b00000 - 0x00007ffd55b1a000 	C:\Program Files\Android\Android Studio\jre\jre\bin\net.dll
0x00007ffd6fd00000 - 0x00007ffd6fd5d000 	C:\Windows\system32\mswsock.dll
0x00007ffd55ae0000 - 0x00007ffd55af3000 	C:\Program Files\Android\Android Studio\jre\jre\bin\nio.dll

VM Arguments:
java_command: org.jetbrains.kotlin.cli.jvm.K2JVMCompiler @C:\Users\ACER\Desktop\Citas-20201203T201747Z-001\Citas\app\build\20201204_3203690426824278864.compiler.options
java_class_path (initial): C:\Users\ACER\.gradle\caches\modules-2\files-2.1\org.jetbrains.kotlin\kotlin-compiler-embeddable\1.4.10\38c4b99d5d5362debdd9302a866730379aa2328a\kotlin-compiler-embeddable-1.4.10.jar;C:\Users\ACER\.gradle\caches\modules-2\files-2.1\org.jetbrains.kotlin\kotlin-reflect\1.4.10\e2b3c6695eee6085e606d96d685396dce23a3a06\kotlin-reflect-1.4.10.jar;C:\Users\ACER\.gradle\caches\modules-2\files-2.1\org.jetbrains.kotlin\kotlin-stdlib\1.4.10\ea29e063d2bbe695be13e9d044dcfb0c7add398e\kotlin-stdlib-1.4.10.jar;C:\Users\ACER\.gradle\caches\modules-2\files-2.1\org.jetbrains.kotlin\kotlin-script-runtime\1.4.10\7c19d9c2001e016cd7664cebe9eea66fc04a7f4f\kotlin-script-runtime-1.4.10.jar;C:\Users\ACER\.gradle\caches\modules-2\files-2.1\org.jetbrains.kotlin\kotlin-daemon-embeddable\1.4.10\dbd67f42bed28043d17d7c860b06110a00a45970\kotlin-daemon-embeddable-1.4.10.jar;C:\Users\ACER\.gradle\caches\modules-2\files-2.1\org.jetbrains.intellij.deps\trove4j\1.0.20181211\216c2e14b070f334479d800987affe4054cd563f\trove4j-1.0.20181211.jar;C:\Users\ACER\.gradle\caches\modules-2\files-2.1\org.jetbrains.kotlin\kotlin-stdlib-common\1.4.10\6229be3465805c99db1142ad75e6c6ddeac0b04c\kotlin-stdlib-common-1.4.10.jar;C:\Users\ACER\.gradle\caches\modules-2\files-2.1\org.jetbrains\annotations\13.0\919f0dfe192fb4e063e7dacadee7f8bb9a2672a9\annotations-13.0.jar;C:\Program Files\Android\Android Studio\jre\lib\tools.jar
Launcher Type: SUN_STANDARD

Environment Variables:
PATH=C:\Program Files (x86)\Common Files\Oracle\Java\javapath;C:\Program Files\Haskell\bin;C:\Program Files\Haskell Platform\8.6.5\lib\extralibs\bin;C:\Program Files\Haskell Platform\8.6.5\bin;C:\Windows\system32;C:\Windows;C:\Windows\System32\Wbem;C:\Windows\System32\WindowsPowerShell\v1.0\;C:\Program Files\Haskell Platform\8.6.5\mingw\bin;C:\Program Files\Microsoft SQL Server\130\Tools\Binn\;C:\Program Files\Git\cmd;C:\Users\ACER\AppData\Local\Programs\Python\Python38\Scripts\;C:\Users\ACER\AppData\Local\Programs\Python\Python38\;C:\Users\ACER\AppData\Roaming\cabal\bin;C:\Users\ACER\AppData\Roaming\local\bin;C:\Users\ACER\AppData\Local\Programs\Microsoft VS Code\bin
USERNAME=ACER
OS=Windows_NT
PROCESSOR_IDENTIFIER=Intel64 Family 6 Model 61 Stepping 4, GenuineIntel



---------------  S Y S T E M  ---------------

OS: Windows 10.0 , 64 bit Build 10240 (10.0.10240.16384)

CPU:total 4 (initial active 4) (2 cores per cpu, 2 threads per core) family 6 model 61 stepping 4, cmov, cx8, fxsr, mmx, sse, sse2, sse3, ssse3, sse4.1, sse4.2, popcnt, avx, avx2, aes, clmul, erms, 3dnowpref, lzcnt, ht, tsc, tscinvbit, bmi1, bmi2, adx

Memory: 4k page, physical 8301900k(355336k free), swap 22881736k(5608k free)

vm_info: OpenJDK 64-Bit Server VM (25.242-b01) for windows-amd64 JRE (1.8.0_242-release-1644-b01), built by "builder" with MS VC++ 10.0 (VS2010)

time: Fri Dec 04 17:13:29 2020
timezone: Hora estándar del Pacífico
elapsed time: 9 seconds (0d 0h 0m 9s)

